<?xml version="1.0" encoding="UTF-8"?>
<!-- Generated by org.testng.reporters.JUnitXMLReporter -->
<testsuite ignored="0" hostname="DESKTOP-9E4JO2B" failures="0" tests="5" name="Default test" time="18.523" errors="0" timestamp="2023-02-18T21:03:06 IST">
  <testcase classname="Jenkins.Selenium1" name="launchbrowser" time="6.876"/>
  <testcase classname="Jenkins.Selenium1" name="test1" time="4.098"/>
  <testcase classname="Jenkins.Selenium1" name="test2" time="0.366"/>
  <testcase classname="Jenkins.Selenium1" name="test3" time="5.461"/>
  <testcase classname="Jenkins.Selenium1" name="Closebrowser" time="1.476"/>
</testsuite> <!-- Default test -->
