<?xml version="1.0" encoding="UTF-8"?>
<!-- Generated by org.testng.reporters.JUnitXMLReporter -->
<testsuite ignored="0" hostname="DESKTOP-9E4JO2B" failures="0" tests="5" name="Test" time="72.306" errors="0" timestamp="2023-02-18T21:10:53 IST">
  <testcase classname="Jenkins.Selenium1" name="launchbrowser" time="25.283"/>
  <testcase classname="Jenkins.Selenium1" name="test1" time="10.951"/>
  <testcase classname="Jenkins.Selenium1" name="test2" time="0.763"/>
  <testcase classname="Jenkins.Selenium1" name="test3" time="24.628"/>
  <testcase classname="Jenkins.Selenium1" name="Closebrowser" time="9.546"/>
</testsuite> <!-- Test -->
