<?xml version="1.0" encoding="UTF-8"?>
<!-- Generated by org.testng.reporters.JUnitXMLReporter -->
<testsuite ignored="0" hostname="DESKTOP-9E4JO2B" failures="0" tests="5" name="Test" time="17.725" errors="0" timestamp="2023-02-18T21:17:50 IST">
  <testcase classname="Jenkins.Selenium1" name="launchbrowser" time="7.509"/>
  <testcase classname="Jenkins.Selenium1" name="test1" time="3.464"/>
  <testcase classname="Jenkins.Selenium1" name="test2" time="0.364"/>
  <testcase classname="Jenkins.Selenium1" name="test3" time="5.425"/>
  <testcase classname="Jenkins.Selenium1" name="Closebrowser" time="0.776"/>
</testsuite> <!-- Test -->
