<?xml version="1.0" encoding="UTF-8"?>
<testng-results ignored="0" total="5" passed="5" failed="0" skipped="0">
  <reporter-output>
  </reporter-output>
  <suite started-at="2023-02-18T21:17:32 IST" name="Suite" finished-at="2023-02-18T21:17:50 IST" duration-ms="17725">
    <groups>
    </groups>
    <test started-at="2023-02-18T21:17:32 IST" name="Test" finished-at="2023-02-18T21:17:50 IST" duration-ms="17725">
      <class name="Jenkins.Selenium1">
        <test-method signature="launchbrowser()[pri:1, instance:Jenkins.Selenium1@9225652]" started-at="2023-02-18T21:17:32 IST" name="launchbrowser" finished-at="2023-02-18T21:17:40 IST" duration-ms="7509" status="PASS">
          <reporter-output>
          </reporter-output>
        </test-method> <!-- launchbrowser -->
        <test-method signature="test1()[pri:10, instance:Jenkins.Selenium1@9225652]" started-at="2023-02-18T21:17:40 IST" name="test1" finished-at="2023-02-18T21:17:43 IST" duration-ms="3464" status="PASS">
          <reporter-output>
          </reporter-output>
        </test-method> <!-- test1 -->
        <test-method signature="test2()[pri:20, instance:Jenkins.Selenium1@9225652]" started-at="2023-02-18T21:17:43 IST" name="test2" finished-at="2023-02-18T21:17:43 IST" duration-ms="364" status="PASS">
          <reporter-output>
          </reporter-output>
        </test-method> <!-- test2 -->
        <test-method signature="test3()[pri:30, instance:Jenkins.Selenium1@9225652]" started-at="2023-02-18T21:17:43 IST" name="test3" finished-at="2023-02-18T21:17:49 IST" duration-ms="5425" status="PASS">
          <reporter-output>
          </reporter-output>
        </test-method> <!-- test3 -->
        <test-method signature="Closebrowser()[pri:40, instance:Jenkins.Selenium1@9225652]" started-at="2023-02-18T21:17:49 IST" name="Closebrowser" finished-at="2023-02-18T21:17:50 IST" duration-ms="776" status="PASS">
          <reporter-output>
          </reporter-output>
        </test-method> <!-- Closebrowser -->
      </class> <!-- Jenkins.Selenium1 -->
    </test> <!-- Test -->
  </suite> <!-- Suite -->
</testng-results>
