<?xml version="1.0" encoding="UTF-8"?>
<testng-results ignored="0" total="5" passed="5" failed="0" skipped="0">
  <reporter-output>
  </reporter-output>
  <suite started-at="2023-02-18T21:09:41 IST" name="Suite" finished-at="2023-02-18T21:10:53 IST" duration-ms="72306">
    <groups>
    </groups>
    <test started-at="2023-02-18T21:09:41 IST" name="Test" finished-at="2023-02-18T21:10:53 IST" duration-ms="72306">
      <class name="Jenkins.Selenium1">
        <test-method signature="launchbrowser()[pri:1, instance:Jenkins.Selenium1@2e005c4b]" started-at="2023-02-18T21:09:41 IST" name="launchbrowser" finished-at="2023-02-18T21:10:07 IST" duration-ms="25283" status="PASS">
          <reporter-output>
          </reporter-output>
        </test-method> <!-- launchbrowser -->
        <test-method signature="test1()[pri:10, instance:Jenkins.Selenium1@2e005c4b]" started-at="2023-02-18T21:10:07 IST" name="test1" finished-at="2023-02-18T21:10:18 IST" duration-ms="10951" status="PASS">
          <reporter-output>
          </reporter-output>
        </test-method> <!-- test1 -->
        <test-method signature="test2()[pri:20, instance:Jenkins.Selenium1@2e005c4b]" started-at="2023-02-18T21:10:18 IST" name="test2" finished-at="2023-02-18T21:10:19 IST" duration-ms="763" status="PASS">
          <reporter-output>
          </reporter-output>
        </test-method> <!-- test2 -->
        <test-method signature="test3()[pri:30, instance:Jenkins.Selenium1@2e005c4b]" started-at="2023-02-18T21:10:19 IST" name="test3" finished-at="2023-02-18T21:10:43 IST" duration-ms="24628" status="PASS">
          <reporter-output>
          </reporter-output>
        </test-method> <!-- test3 -->
        <test-method signature="Closebrowser()[pri:40, instance:Jenkins.Selenium1@2e005c4b]" started-at="2023-02-18T21:10:43 IST" name="Closebrowser" finished-at="2023-02-18T21:10:53 IST" duration-ms="9546" status="PASS">
          <reporter-output>
          </reporter-output>
        </test-method> <!-- Closebrowser -->
      </class> <!-- Jenkins.Selenium1 -->
    </test> <!-- Test -->
  </suite> <!-- Suite -->
</testng-results>
